
CL_DEVICE_NAME: Intel(R) HD Graphics
CL_DRIVER_VERSION: 20.19.15.4549

084357083924567890123084357083924567890123084357083924567890123084357083924567890123084357083924567890123084357083924567890123084357083924567890
025785994397568899987025785994397568899987025785994397568899987025785994397568899987025785994397568899987025785994397568899987025785994397568899 (-)
------------------------------------------------------------------------------------------------------------------------------------------------
058571089526998990136058571089526998990136058571089526998990136058571089526998990136058571089526998990136058571089526998990136058571089526998991 (=)

058571089526998990136058571089526998990136058571089526998990136058571089526998990136058571089526998990136058571089526998990136058571089526998991
025785994397568899987025785994397568899987025785994397568899987025785994397568899987025785994397568899987025785994397568899987025785994397568899 (+)
------------------------------------------------------------------------------------------------------------------------------------------------
032785095129430090149032785095129430090149032785095129430090149032785095129430090149032785095129430090149032785095129430090149032785095129430092 (=)

032785095129430090149032785095129430090149032785095129430090149032785095129430090149032785095129430090149032785095129430090149032785095129430092
025785994397568899987025785994397568899987025785994397568899987025785994397568899987025785994397568899987025785994397568899987025785994397568899 (+)
------------------------------------------------------------------------------------------------------------------------------------------------
006999100731861190162006999100731861190162006999100731861190162006999100731861190162006999100731861190162006999100731861190162006999100731861193 (=)

006999100731861190162006999100731861190162006999100731861190162006999100731861190162006999100731861190162006999100731861190162006999100731861193
025785994397568899987025785994397568899987025785994397568899987025785994397568899987025785994397568899987025785994397568899987025785994397568899 (+)
------------------------------------------------------------------------------------------------------------------------------------------------
981213106334292290174981213106334292290174981213106334292290174981213106334292290174981213106334292290174981213106334292290174981213106334292294 (=)

981213106334292290174981213106334292290174981213106334292290174981213106334292290174981213106334292290174981213106334292290174981213106334292294
025785994397568899987025785994397568899987025785994397568899987025785994397568899987025785994397568899987025785994397568899987025785994397568899 (+)
------------------------------------------------------------------------------------------------------------------------------------------------
955427111936723390187955427111936723390187955427111936723390187955427111936723390187955427111936723390187955427111936723390187955427111936723395 (=)

955427111936723390187955427111936723390187955427111936723390187955427111936723390187955427111936723390187955427111936723390187955427111936723395
025785994397568899987025785994397568899987025785994397568899987025785994397568899987025785994397568899987025785994397568899987025785994397568899 (+)
------------------------------------------------------------------------------------------------------------------------------------------------
929641117539154490200929641117539154490200929641117539154490200929641117539154490200929641117539154490200929641117539154490200929641117539154496 (=)

929641117539154490200929641117539154490200929641117539154490200929641117539154490200929641117539154490200929641117539154490200929641117539154496
025785994397568899987025785994397568899987025785994397568899987025785994397568899987025785994397568899987025785994397568899987025785994397568899 (+)
------------------------------------------------------------------------------------------------------------------------------------------------
903855123141585590213903855123141585590213903855123141585590213903855123141585590213903855123141585590213903855123141585590213903855123141585597 (=)

903855123141585590213903855123141585590213903855123141585590213903855123141585590213903855123141585590213903855123141585590213903855123141585597
025785994397568899987025785994397568899987025785994397568899987025785994397568899987025785994397568899987025785994397568899987025785994397568899 (+)
------------------------------------------------------------------------------------------------------------------------------------------------
878069128744016690226878069128744016690226878069128744016690226878069128744016690226878069128744016690226878069128744016690226878069128744016698 (=)

878069128744016690226878069128744016690226878069128744016690226878069128744016690226878069128744016690226878069128744016690226878069128744016698
025785994397568899987025785994397568899987025785994397568899987025785994397568899987025785994397568899987025785994397568899987025785994397568899 (+)
------------------------------------------------------------------------------------------------------------------------------------------------
852283134346447790239852283134346447790239852283134346447790239852283134346447790239852283134346447790239852283134346447790239852283134346447799 (=)

852283134346447790239852283134346447790239852283134346447790239852283134346447790239852283134346447790239852283134346447790239852283134346447799
025785994397568899987025785994397568899987025785994397568899987025785994397568899987025785994397568899987025785994397568899987025785994397568899 (+)
------------------------------------------------------------------------------------------------------------------------------------------------
826497139948878890252826497139948878890252826497139948878890252826497139948878890252826497139948878890252826497139948878890252826497139948878900 (=)

826497139948878890252826497139948878890252826497139948878890252826497139948878890252826497139948878890252826497139948878890252826497139948878900
025785994397568899987025785994397568899987025785994397568899987025785994397568899987025785994397568899987025785994397568899987025785994397568899 (+)
------------------------------------------------------------------------------------------------------------------------------------------------
800711145551309990265800711145551309990265800711145551309990265800711145551309990265800711145551309990265800711145551309990265800711145551310001 (=)

800711145551309990265800711145551309990265800711145551309990265800711145551309990265800711145551309990265800711145551309990265800711145551310001
025785994397568899987025785994397568899987025785994397568899987025785994397568899987025785994397568899987025785994397568899987025785994397568899 (+)
------------------------------------------------------------------------------------------------------------------------------------------------
774925151153741090278774925151153741090278774925151153741090278774925151153741090278774925151153741090278774925151153741090278774925151153741102 (=)

774925151153741090278774925151153741090278774925151153741090278774925151153741090278774925151153741090278774925151153741090278774925151153741102
025785994397568899987025785994397568899987025785994397568899987025785994397568899987025785994397568899987025785994397568899987025785994397568899 (+)
------------------------------------------------------------------------------------------------------------------------------------------------
749139156756172190291749139156756172190291749139156756172190291749139156756172190291749139156756172190291749139156756172190291749139156756172203 (=)

749139156756172190291749139156756172190291749139156756172190291749139156756172190291749139156756172190291749139156756172190291749139156756172203
025785994397568899987025785994397568899987025785994397568899987025785994397568899987025785994397568899987025785994397568899987025785994397568899 (+)
------------------------------------------------------------------------------------------------------------------------------------------------
723353162358603290304723353162358603290304723353162358603290304723353162358603290304723353162358603290304723353162358603290304723353162358603304 (=)

723353162358603290304723353162358603290304723353162358603290304723353162358603290304723353162358603290304723353162358603290304723353162358603304
025785994397568899987025785994397568899987025785994397568899987025785994397568899987025785994397568899987025785994397568899987025785994397568899 (+)
------------------------------------------------------------------------------------------------------------------------------------------------
697567167961034390317697567167961034390317697567167961034390317697567167961034390317697567167961034390317697567167961034390317697567167961034405 (=)

697567167961034390317697567167961034390317697567167961034390317697567167961034390317697567167961034390317697567167961034390317697567167961034405
025785994397568899987025785994397568899987025785994397568899987025785994397568899987025785994397568899987025785994397568899987025785994397568899 (+)
------------------------------------------------------------------------------------------------------------------------------------------------
671781173563465490330671781173563465490330671781173563465490330671781173563465490330671781173563465490330671781173563465490330671781173563465506 (=)

671781173563465490330671781173563465490330671781173563465490330671781173563465490330671781173563465490330671781173563465490330671781173563465506
025785994397568899987025785994397568899987025785994397568899987025785994397568899987025785994397568899987025785994397568899987025785994397568899 (+)
------------------------------------------------------------------------------------------------------------------------------------------------
645995179165896590343645995179165896590343645995179165896590343645995179165896590343645995179165896590343645995179165896590343645995179165896607 (=)

645995179165896590343645995179165896590343645995179165896590343645995179165896590343645995179165896590343645995179165896590343645995179165896607
025785994397568899987025785994397568899987025785994397568899987025785994397568899987025785994397568899987025785994397568899987025785994397568899 (+)
------------------------------------------------------------------------------------------------------------------------------------------------
620209184768327690356620209184768327690356620209184768327690356620209184768327690356620209184768327690356620209184768327690356620209184768327708 (=)

620209184768327690356620209184768327690356620209184768327690356620209184768327690356620209184768327690356620209184768327690356620209184768327708
025785994397568899987025785994397568899987025785994397568899987025785994397568899987025785994397568899987025785994397568899987025785994397568899 (+)
------------------------------------------------------------------------------------------------------------------------------------------------
594423190370758790369594423190370758790369594423190370758790369594423190370758790369594423190370758790369594423190370758790369594423190370758809 (=)

594423190370758790369594423190370758790369594423190370758790369594423190370758790369594423190370758790369594423190370758790369594423190370758809
025785994397568899987025785994397568899987025785994397568899987025785994397568899987025785994397568899987025785994397568899987025785994397568899 (+)
------------------------------------------------------------------------------------------------------------------------------------------------
568637195973189890382568637195973189890382568637195973189890382568637195973189890382568637195973189890382568637195973189890382568637195973189910 (=)

568637195973189890382568637195973189890382568637195973189890382568637195973189890382568637195973189890382568637195973189890382568637195973189910
025785994397568899987025785994397568899987025785994397568899987025785994397568899987025785994397568899987025785994397568899987025785994397568899 (+)
------------------------------------------------------------------------------------------------------------------------------------------------
542851201575620990395542851201575620990395542851201575620990395542851201575620990395542851201575620990395542851201575620990395542851201575621011 (=)

542851201575620990395542851201575620990395542851201575620990395542851201575620990395542851201575620990395542851201575620990395542851201575621011
025785994397568899987025785994397568899987025785994397568899987025785994397568899987025785994397568899987025785994397568899987025785994397568899 (+)
------------------------------------------------------------------------------------------------------------------------------------------------
517065207178052090408517065207178052090408517065207178052090408517065207178052090408517065207178052090408517065207178052090408517065207178052112 (=)

517065207178052090408517065207178052090408517065207178052090408517065207178052090408517065207178052090408517065207178052090408517065207178052112
025785994397568899987025785994397568899987025785994397568899987025785994397568899987025785994397568899987025785994397568899987025785994397568899 (+)
------------------------------------------------------------------------------------------------------------------------------------------------
491279212780483190421491279212780483190421491279212780483190421491279212780483190421491279212780483190421491279212780483190421491279212780483213 (=)

491279212780483190421491279212780483190421491279212780483190421491279212780483190421491279212780483190421491279212780483190421491279212780483213
025785994397568899987025785994397568899987025785994397568899987025785994397568899987025785994397568899987025785994397568899987025785994397568899 (+)
------------------------------------------------------------------------------------------------------------------------------------------------
465493218382914290434465493218382914290434465493218382914290434465493218382914290434465493218382914290434465493218382914290434465493218382914314 (=)

465493218382914290434465493218382914290434465493218382914290434465493218382914290434465493218382914290434465493218382914290434465493218382914314
025785994397568899987025785994397568899987025785994397568899987025785994397568899987025785994397568899987025785994397568899987025785994397568899 (+)
------------------------------------------------------------------------------------------------------------------------------------------------
439707223985345390447439707223985345390447439707223985345390447439707223985345390447439707223985345390447439707223985345390447439707223985345415 (=)

439707223985345390447439707223985345390447439707223985345390447439707223985345390447439707223985345390447439707223985345390447439707223985345415
025785994397568899987025785994397568899987025785994397568899987025785994397568899987025785994397568899987025785994397568899987025785994397568899 (+)
------------------------------------------------------------------------------------------------------------------------------------------------
413921229587776490460413921229587776490460413921229587776490460413921229587776490460413921229587776490460413921229587776490460413921229587776516 (=)

413921229587776490460413921229587776490460413921229587776490460413921229587776490460413921229587776490460413921229587776490460413921229587776516
025785994397568899987025785994397568899987025785994397568899987025785994397568899987025785994397568899987025785994397568899987025785994397568899 (+)
------------------------------------------------------------------------------------------------------------------------------------------------
388135235190207590473388135235190207590473388135235190207590473388135235190207590473388135235190207590473388135235190207590473388135235190207617 (=)

388135235190207590473388135235190207590473388135235190207590473388135235190207590473388135235190207590473388135235190207590473388135235190207617
025785994397568899987025785994397568899987025785994397568899987025785994397568899987025785994397568899987025785994397568899987025785994397568899 (+)
------------------------------------------------------------------------------------------------------------------------------------------------
362349240792638690486362349240792638690486362349240792638690486362349240792638690486362349240792638690486362349240792638690486362349240792638718 (=)

362349240792638690486362349240792638690486362349240792638690486362349240792638690486362349240792638690486362349240792638690486362349240792638718
025785994397568899987025785994397568899987025785994397568899987025785994397568899987025785994397568899987025785994397568899987025785994397568899 (+)
------------------------------------------------------------------------------------------------------------------------------------------------
336563246395069790499336563246395069790499336563246395069790499336563246395069790499336563246395069790499336563246395069790499336563246395069819 (=)

336563246395069790499336563246395069790499336563246395069790499336563246395069790499336563246395069790499336563246395069790499336563246395069819
025785994397568899987025785994397568899987025785994397568899987025785994397568899987025785994397568899987025785994397568899987025785994397568899 (+)
------------------------------------------------------------------------------------------------------------------------------------------------
310777251997500890512310777251997500890512310777251997500890512310777251997500890512310777251997500890512310777251997500890512310777251997500920 (=)

310777251997500890512310777251997500890512310777251997500890512310777251997500890512310777251997500890512310777251997500890512310777251997500920
025785994397568899987025785994397568899987025785994397568899987025785994397568899987025785994397568899987025785994397568899987025785994397568899 (+)
------------------------------------------------------------------------------------------------------------------------------------------------
284991257599931990525284991257599931990525284991257599931990525284991257599931990525284991257599931990525284991257599931990525284991257599932021 (=)

284991257599931990525284991257599931990525284991257599931990525284991257599931990525284991257599931990525284991257599931990525284991257599932021
025785994397568899987025785994397568899987025785994397568899987025785994397568899987025785994397568899987025785994397568899987025785994397568899 (+)
------------------------------------------------------------------------------------------------------------------------------------------------
259205263202363090538259205263202363090538259205263202363090538259205263202363090538259205263202363090538259205263202363090538259205263202363122 (=)

259205263202363090538259205263202363090538259205263202363090538259205263202363090538259205263202363090538259205263202363090538259205263202363122
025785994397568899987025785994397568899987025785994397568899987025785994397568899987025785994397568899987025785994397568899987025785994397568899 (+)
------------------------------------------------------------------------------------------------------------------------------------------------
233419268804794190551233419268804794190551233419268804794190551233419268804794190551233419268804794190551233419268804794190551233419268804794223 (=)

233419268804794190551233419268804794190551233419268804794190551233419268804794190551233419268804794190551233419268804794190551233419268804794223
025785994397568899987025785994397568899987025785994397568899987025785994397568899987025785994397568899987025785994397568899987025785994397568899 (+)
------------------------------------------------------------------------------------------------------------------------------------------------
207633274407225290564207633274407225290564207633274407225290564207633274407225290564207633274407225290564207633274407225290564207633274407225324 (=)

207633274407225290564207633274407225290564207633274407225290564207633274407225290564207633274407225290564207633274407225290564207633274407225324
025785994397568899987025785994397568899987025785994397568899987025785994397568899987025785994397568899987025785994397568899987025785994397568899 (+)
------------------------------------------------------------------------------------------------------------------------------------------------
181847280009656390577181847280009656390577181847280009656390577181847280009656390577181847280009656390577181847280009656390577181847280009656425 (=)

181847280009656390577181847280009656390577181847280009656390577181847280009656390577181847280009656390577181847280009656390577181847280009656425
025785994397568899987025785994397568899987025785994397568899987025785994397568899987025785994397568899987025785994397568899987025785994397568899 (+)
------------------------------------------------------------------------------------------------------------------------------------------------
156061285612087490590156061285612087490590156061285612087490590156061285612087490590156061285612087490590156061285612087490590156061285612087526 (=)

156061285612087490590156061285612087490590156061285612087490590156061285612087490590156061285612087490590156061285612087490590156061285612087526
025785994397568899987025785994397568899987025785994397568899987025785994397568899987025785994397568899987025785994397568899987025785994397568899 (+)
------------------------------------------------------------------------------------------------------------------------------------------------
130275291214518590603130275291214518590603130275291214518590603130275291214518590603130275291214518590603130275291214518590603130275291214518627 (=)

130275291214518590603130275291214518590603130275291214518590603130275291214518590603130275291214518590603130275291214518590603130275291214518627
025785994397568899987025785994397568899987025785994397568899987025785994397568899987025785994397568899987025785994397568899987025785994397568899 (+)
------------------------------------------------------------------------------------------------------------------------------------------------
104489296816949690616104489296816949690616104489296816949690616104489296816949690616104489296816949690616104489296816949690616104489296816949728 (=)

104489296816949690616104489296816949690616104489296816949690616104489296816949690616104489296816949690616104489296816949690616104489296816949728
025785994397568899987025785994397568899987025785994397568899987025785994397568899987025785994397568899987025785994397568899987025785994397568899 (+)
------------------------------------------------------------------------------------------------------------------------------------------------
078703302419380790629078703302419380790629078703302419380790629078703302419380790629078703302419380790629078703302419380790629078703302419380829 (=)

078703302419380790629078703302419380790629078703302419380790629078703302419380790629078703302419380790629078703302419380790629078703302419380829
025785994397568899987025785994397568899987025785994397568899987025785994397568899987025785994397568899987025785994397568899987025785994397568899 (+)
------------------------------------------------------------------------------------------------------------------------------------------------
052917308021811890642052917308021811890642052917308021811890642052917308021811890642052917308021811890642052917308021811890642052917308021811930 (=)

052917308021811890642052917308021811890642052917308021811890642052917308021811890642052917308021811890642052917308021811890642052917308021811930
025785994397568899987025785994397568899987025785994397568899987025785994397568899987025785994397568899987025785994397568899987025785994397568899 (+)
------------------------------------------------------------------------------------------------------------------------------------------------
027131313624242990655027131313624242990655027131313624242990655027131313624242990655027131313624242990655027131313624242990655027131313624243031 (=)

027131313624242990655027131313624242990655027131313624242990655027131313624242990655027131313624242990655027131313624242990655027131313624243031
025785994397568899987025785994397568899987025785994397568899987025785994397568899987025785994397568899987025785994397568899987025785994397568899 (+)
------------------------------------------------------------------------------------------------------------------------------------------------
001345319226674090668001345319226674090668001345319226674090668001345319226674090668001345319226674090668001345319226674090668001345319226674132 (=)

001345319226674090668001345319226674090668001345319226674090668001345319226674090668001345319226674090668001345319226674090668001345319226674132
025785994397568899987025785994397568899987025785994397568899987025785994397568899987025785994397568899987025785994397568899987025785994397568899 (+)
------------------------------------------------------------------------------------------------------------------------------------------------
975559324829105190680975559324829105190680975559324829105190680975559324829105190680975559324829105190680975559324829105190680975559324829105233 (=)

975559324829105190680975559324829105190680975559324829105190680975559324829105190680975559324829105190680975559324829105190680975559324829105233
025785994397568899987025785994397568899987025785994397568899987025785994397568899987025785994397568899987025785994397568899987025785994397568899 (+)
------------------------------------------------------------------------------------------------------------------------------------------------
949773330431536290693949773330431536290693949773330431536290693949773330431536290693949773330431536290693949773330431536290693949773330431536334 (=)

949773330431536290693949773330431536290693949773330431536290693949773330431536290693949773330431536290693949773330431536290693949773330431536334
025785994397568899987025785994397568899987025785994397568899987025785994397568899987025785994397568899987025785994397568899987025785994397568899 (+)
------------------------------------------------------------------------------------------------------------------------------------------------
923987336033967390706923987336033967390706923987336033967390706923987336033967390706923987336033967390706923987336033967390706923987336033967435 (=)

923987336033967390706923987336033967390706923987336033967390706923987336033967390706923987336033967390706923987336033967390706923987336033967435
025785994397568899987025785994397568899987025785994397568899987025785994397568899987025785994397568899987025785994397568899987025785994397568899 (+)
------------------------------------------------------------------------------------------------------------------------------------------------
898201341636398490719898201341636398490719898201341636398490719898201341636398490719898201341636398490719898201341636398490719898201341636398536 (=)

898201341636398490719898201341636398490719898201341636398490719898201341636398490719898201341636398490719898201341636398490719898201341636398536
025785994397568899987025785994397568899987025785994397568899987025785994397568899987025785994397568899987025785994397568899987025785994397568899 (+)
------------------------------------------------------------------------------------------------------------------------------------------------
872415347238829590732872415347238829590732872415347238829590732872415347238829590732872415347238829590732872415347238829590732872415347238829637 (=)

872415347238829590732872415347238829590732872415347238829590732872415347238829590732872415347238829590732872415347238829590732872415347238829637
025785994397568899987025785994397568899987025785994397568899987025785994397568899987025785994397568899987025785994397568899987025785994397568899 (+)
------------------------------------------------------------------------------------------------------------------------------------------------
846629352841260690745846629352841260690745846629352841260690745846629352841260690745846629352841260690745846629352841260690745846629352841260738 (=)

846629352841260690745846629352841260690745846629352841260690745846629352841260690745846629352841260690745846629352841260690745846629352841260738
025785994397568899987025785994397568899987025785994397568899987025785994397568899987025785994397568899987025785994397568899987025785994397568899 (+)
------------------------------------------------------------------------------------------------------------------------------------------------
820843358443691790758820843358443691790758820843358443691790758820843358443691790758820843358443691790758820843358443691790758820843358443691839 (=)

820843358443691790758820843358443691790758820843358443691790758820843358443691790758820843358443691790758820843358443691790758820843358443691839
025785994397568899987025785994397568899987025785994397568899987025785994397568899987025785994397568899987025785994397568899987025785994397568899 (+)
------------------------------------------------------------------------------------------------------------------------------------------------
795057364046122890771795057364046122890771795057364046122890771795057364046122890771795057364046122890771795057364046122890771795057364046122940 (=)

795057364046122890771795057364046122890771795057364046122890771795057364046122890771795057364046122890771795057364046122890771795057364046122940
025785994397568899987025785994397568899987025785994397568899987025785994397568899987025785994397568899987025785994397568899987025785994397568899 (+)
------------------------------------------------------------------------------------------------------------------------------------------------
769271369648553990784769271369648553990784769271369648553990784769271369648553990784769271369648553990784769271369648553990784769271369648554041 (=)

769271369648553990784769271369648553990784769271369648553990784769271369648553990784769271369648553990784769271369648553990784769271369648554041
025785994397568899987025785994397568899987025785994397568899987025785994397568899987025785994397568899987025785994397568899987025785994397568899 (+)
------------------------------------------------------------------------------------------------------------------------------------------------
743485375250985090797743485375250985090797743485375250985090797743485375250985090797743485375250985090797743485375250985090797743485375250985142 (=)

743485375250985090797743485375250985090797743485375250985090797743485375250985090797743485375250985090797743485375250985090797743485375250985142
025785994397568899987025785994397568899987025785994397568899987025785994397568899987025785994397568899987025785994397568899987025785994397568899 (+)
------------------------------------------------------------------------------------------------------------------------------------------------
717699380853416190810717699380853416190810717699380853416190810717699380853416190810717699380853416190810717699380853416190810717699380853416243 (=)

717699380853416190810717699380853416190810717699380853416190810717699380853416190810717699380853416190810717699380853416190810717699380853416243
025785994397568899987025785994397568899987025785994397568899987025785994397568899987025785994397568899987025785994397568899987025785994397568899 (+)
------------------------------------------------------------------------------------------------------------------------------------------------
691913386455847290823691913386455847290823691913386455847290823691913386455847290823691913386455847290823691913386455847290823691913386455847344 (=)

691913386455847290823691913386455847290823691913386455847290823691913386455847290823691913386455847290823691913386455847290823691913386455847344
025785994397568899987025785994397568899987025785994397568899987025785994397568899987025785994397568899987025785994397568899987025785994397568899 (+)
------------------------------------------------------------------------------------------------------------------------------------------------
666127392058278390836666127392058278390836666127392058278390836666127392058278390836666127392058278390836666127392058278390836666127392058278445 (=)

666127392058278390836666127392058278390836666127392058278390836666127392058278390836666127392058278390836666127392058278390836666127392058278445
025785994397568899987025785994397568899987025785994397568899987025785994397568899987025785994397568899987025785994397568899987025785994397568899 (+)
------------------------------------------------------------------------------------------------------------------------------------------------
640341397660709490849640341397660709490849640341397660709490849640341397660709490849640341397660709490849640341397660709490849640341397660709546 (=)

640341397660709490849640341397660709490849640341397660709490849640341397660709490849640341397660709490849640341397660709490849640341397660709546
025785994397568899987025785994397568899987025785994397568899987025785994397568899987025785994397568899987025785994397568899987025785994397568899 (+)
------------------------------------------------------------------------------------------------------------------------------------------------
614555403263140590862614555403263140590862614555403263140590862614555403263140590862614555403263140590862614555403263140590862614555403263140647 (=)

614555403263140590862614555403263140590862614555403263140590862614555403263140590862614555403263140590862614555403263140590862614555403263140647
025785994397568899987025785994397568899987025785994397568899987025785994397568899987025785994397568899987025785994397568899987025785994397568899 (+)
------------------------------------------------------------------------------------------------------------------------------------------------
588769408865571690875588769408865571690875588769408865571690875588769408865571690875588769408865571690875588769408865571690875588769408865571748 (=)

588769408865571690875588769408865571690875588769408865571690875588769408865571690875588769408865571690875588769408865571690875588769408865571748
025785994397568899987025785994397568899987025785994397568899987025785994397568899987025785994397568899987025785994397568899987025785994397568899 (+)
------------------------------------------------------------------------------------------------------------------------------------------------
562983414468002790888562983414468002790888562983414468002790888562983414468002790888562983414468002790888562983414468002790888562983414468002849 (=)

562983414468002790888562983414468002790888562983414468002790888562983414468002790888562983414468002790888562983414468002790888562983414468002849
025785994397568899987025785994397568899987025785994397568899987025785994397568899987025785994397568899987025785994397568899987025785994397568899 (+)
------------------------------------------------------------------------------------------------------------------------------------------------
537197420070433890901537197420070433890901537197420070433890901537197420070433890901537197420070433890901537197420070433890901537197420070433950 (=)

537197420070433890901537197420070433890901537197420070433890901537197420070433890901537197420070433890901537197420070433890901537197420070433950
025785994397568899987025785994397568899987025785994397568899987025785994397568899987025785994397568899987025785994397568899987025785994397568899 (+)
------------------------------------------------------------------------------------------------------------------------------------------------
511411425672864990914511411425672864990914511411425672864990914511411425672864990914511411425672864990914511411425672864990914511411425672865051 (=)

511411425672864990914511411425672864990914511411425672864990914511411425672864990914511411425672864990914511411425672864990914511411425672865051
025785994397568899987025785994397568899987025785994397568899987025785994397568899987025785994397568899987025785994397568899987025785994397568899 (+)
------------------------------------------------------------------------------------------------------------------------------------------------
485625431275296090927485625431275296090927485625431275296090927485625431275296090927485625431275296090927485625431275296090927485625431275296152 (=)

485625431275296090927485625431275296090927485625431275296090927485625431275296090927485625431275296090927485625431275296090927485625431275296152
025785994397568899987025785994397568899987025785994397568899987025785994397568899987025785994397568899987025785994397568899987025785994397568899 (+)
------------------------------------------------------------------------------------------------------------------------------------------------
459839436877727190940459839436877727190940459839436877727190940459839436877727190940459839436877727190940459839436877727190940459839436877727253 (=)

459839436877727190940459839436877727190940459839436877727190940459839436877727190940459839436877727190940459839436877727190940459839436877727253
025785994397568899987025785994397568899987025785994397568899987025785994397568899987025785994397568899987025785994397568899987025785994397568899 (+)
------------------------------------------------------------------------------------------------------------------------------------------------
434053442480158290953434053442480158290953434053442480158290953434053442480158290953434053442480158290953434053442480158290953434053442480158354 (=)

434053442480158290953434053442480158290953434053442480158290953434053442480158290953434053442480158290953434053442480158290953434053442480158354
025785994397568899987025785994397568899987025785994397568899987025785994397568899987025785994397568899987025785994397568899987025785994397568899 (+)
------------------------------------------------------------------------------------------------------------------------------------------------
408267448082589390966408267448082589390966408267448082589390966408267448082589390966408267448082589390966408267448082589390966408267448082589455 (=)

408267448082589390966408267448082589390966408267448082589390966408267448082589390966408267448082589390966408267448082589390966408267448082589455
025785994397568899987025785994397568899987025785994397568899987025785994397568899987025785994397568899987025785994397568899987025785994397568899 (+)
------------------------------------------------------------------------------------------------------------------------------------------------
382481453685020490979382481453685020490979382481453685020490979382481453685020490979382481453685020490979382481453685020490979382481453685020556 (=)

382481453685020490979382481453685020490979382481453685020490979382481453685020490979382481453685020490979382481453685020490979382481453685020556
025785994397568899987025785994397568899987025785994397568899987025785994397568899987025785994397568899987025785994397568899987025785994397568899 (+)
------------------------------------------------------------------------------------------------------------------------------------------------
356695459287451590992356695459287451590992356695459287451590992356695459287451590992356695459287451590992356695459287451590992356695459287451657 (=)

356695459287451590992356695459287451590992356695459287451590992356695459287451590992356695459287451590992356695459287451590992356695459287451657
025785994397568899987025785994397568899987025785994397568899987025785994397568899987025785994397568899987025785994397568899987025785994397568899 (+)
------------------------------------------------------------------------------------------------------------------------------------------------
330909464889882691005330909464889882691005330909464889882691005330909464889882691005330909464889882691005330909464889882691005330909464889882758 (=)

330909464889882691005330909464889882691005330909464889882691005330909464889882691005330909464889882691005330909464889882691005330909464889882758
025785994397568899987025785994397568899987025785994397568899987025785994397568899987025785994397568899987025785994397568899987025785994397568899 (+)
------------------------------------------------------------------------------------------------------------------------------------------------
305123470492313791018305123470492313791018305123470492313791018305123470492313791018305123470492313791018305123470492313791018305123470492313859 (=)

305123470492313791018305123470492313791018305123470492313791018305123470492313791018305123470492313791018305123470492313791018305123470492313859
025785994397568899987025785994397568899987025785994397568899987025785994397568899987025785994397568899987025785994397568899987025785994397568899 (+)
------------------------------------------------------------------------------------------------------------------------------------------------
279337476094744891031279337476094744891031279337476094744891031279337476094744891031279337476094744891031279337476094744891031279337476094744960 (=)

279337476094744891031279337476094744891031279337476094744891031279337476094744891031279337476094744891031279337476094744891031279337476094744960
025785994397568899987025785994397568899987025785994397568899987025785994397568899987025785994397568899987025785994397568899987025785994397568899 (+)
------------------------------------------------------------------------------------------------------------------------------------------------
253551481697175991044253551481697175991044253551481697175991044253551481697175991044253551481697175991044253551481697175991044253551481697176061 (=)

253551481697175991044253551481697175991044253551481697175991044253551481697175991044253551481697175991044253551481697175991044253551481697176061
025785994397568899987025785994397568899987025785994397568899987025785994397568899987025785994397568899987025785994397568899987025785994397568899 (+)
------------------------------------------------------------------------------------------------------------------------------------------------
227765487299607091057227765487299607091057227765487299607091057227765487299607091057227765487299607091057227765487299607091057227765487299607162 (=)

227765487299607091057227765487299607091057227765487299607091057227765487299607091057227765487299607091057227765487299607091057227765487299607162
025785994397568899987025785994397568899987025785994397568899987025785994397568899987025785994397568899987025785994397568899987025785994397568899 (+)
------------------------------------------------------------------------------------------------------------------------------------------------
201979492902038191070201979492902038191070201979492902038191070201979492902038191070201979492902038191070201979492902038191070201979492902038263 (=)

201979492902038191070201979492902038191070201979492902038191070201979492902038191070201979492902038191070201979492902038191070201979492902038263
025785994397568899987025785994397568899987025785994397568899987025785994397568899987025785994397568899987025785994397568899987025785994397568899 (+)
------------------------------------------------------------------------------------------------------------------------------------------------
176193498504469291083176193498504469291083176193498504469291083176193498504469291083176193498504469291083176193498504469291083176193498504469364 (=)

176193498504469291083176193498504469291083176193498504469291083176193498504469291083176193498504469291083176193498504469291083176193498504469364
025785994397568899987025785994397568899987025785994397568899987025785994397568899987025785994397568899987025785994397568899987025785994397568899 (+)
------------------------------------------------------------------------------------------------------------------------------------------------
150407504106900391096150407504106900391096150407504106900391096150407504106900391096150407504106900391096150407504106900391096150407504106900465 (=)

150407504106900391096150407504106900391096150407504106900391096150407504106900391096150407504106900391096150407504106900391096150407504106900465
025785994397568899987025785994397568899987025785994397568899987025785994397568899987025785994397568899987025785994397568899987025785994397568899 (+)
------------------------------------------------------------------------------------------------------------------------------------------------
124621509709331491109124621509709331491109124621509709331491109124621509709331491109124621509709331491109124621509709331491109124621509709331566 (=)

124621509709331491109124621509709331491109124621509709331491109124621509709331491109124621509709331491109124621509709331491109124621509709331566
025785994397568899987025785994397568899987025785994397568899987025785994397568899987025785994397568899987025785994397568899987025785994397568899 (+)
------------------------------------------------------------------------------------------------------------------------------------------------
098835515311762591122098835515311762591122098835515311762591122098835515311762591122098835515311762591122098835515311762591122098835515311762667 (=)

098835515311762591122098835515311762591122098835515311762591122098835515311762591122098835515311762591122098835515311762591122098835515311762667
025785994397568899987025785994397568899987025785994397568899987025785994397568899987025785994397568899987025785994397568899987025785994397568899 (+)
------------------------------------------------------------------------------------------------------------------------------------------------
073049520914193691135073049520914193691135073049520914193691135073049520914193691135073049520914193691135073049520914193691135073049520914193768 (=)

073049520914193691135073049520914193691135073049520914193691135073049520914193691135073049520914193691135073049520914193691135073049520914193768
025785994397568899987025785994397568899987025785994397568899987025785994397568899987025785994397568899987025785994397568899987025785994397568899 (+)
------------------------------------------------------------------------------------------------------------------------------------------------
047263526516624791148047263526516624791148047263526516624791148047263526516624791148047263526516624791148047263526516624791148047263526516624869 (=)

047263526516624791148047263526516624791148047263526516624791148047263526516624791148047263526516624791148047263526516624791148047263526516624869
025785994397568899987025785994397568899987025785994397568899987025785994397568899987025785994397568899987025785994397568899987025785994397568899 (+)
------------------------------------------------------------------------------------------------------------------------------------------------
021477532119055891161021477532119055891161021477532119055891161021477532119055891161021477532119055891161021477532119055891161021477532119055970 (=)

021477532119055891161021477532119055891161021477532119055891161021477532119055891161021477532119055891161021477532119055891161021477532119055970
025785994397568899987025785994397568899987025785994397568899987025785994397568899987025785994397568899987025785994397568899987025785994397568899 (+)
------------------------------------------------------------------------------------------------------------------------------------------------
995691537721486991173995691537721486991173995691537721486991173995691537721486991173995691537721486991173995691537721486991173995691537721487071 (=)

995691537721486991173995691537721486991173995691537721486991173995691537721486991173995691537721486991173995691537721486991173995691537721487071
025785994397568899987025785994397568899987025785994397568899987025785994397568899987025785994397568899987025785994397568899987025785994397568899 (+)
------------------------------------------------------------------------------------------------------------------------------------------------
969905543323918091186969905543323918091186969905543323918091186969905543323918091186969905543323918091186969905543323918091186969905543323918172 (=)

969905543323918091186969905543323918091186969905543323918091186969905543323918091186969905543323918091186969905543323918091186969905543323918172
025785994397568899987025785994397568899987025785994397568899987025785994397568899987025785994397568899987025785994397568899987025785994397568899 (+)
------------------------------------------------------------------------------------------------------------------------------------------------
944119548926349191199944119548926349191199944119548926349191199944119548926349191199944119548926349191199944119548926349191199944119548926349273 (=)

944119548926349191199944119548926349191199944119548926349191199944119548926349191199944119548926349191199944119548926349191199944119548926349273
025785994397568899987025785994397568899987025785994397568899987025785994397568899987025785994397568899987025785994397568899987025785994397568899 (+)
------------------------------------------------------------------------------------------------------------------------------------------------
918333554528780291212918333554528780291212918333554528780291212918333554528780291212918333554528780291212918333554528780291212918333554528780374 (=)

918333554528780291212918333554528780291212918333554528780291212918333554528780291212918333554528780291212918333554528780291212918333554528780374
025785994397568899987025785994397568899987025785994397568899987025785994397568899987025785994397568899987025785994397568899987025785994397568899 (+)
------------------------------------------------------------------------------------------------------------------------------------------------
892547560131211391225892547560131211391225892547560131211391225892547560131211391225892547560131211391225892547560131211391225892547560131211475 (=)

892547560131211391225892547560131211391225892547560131211391225892547560131211391225892547560131211391225892547560131211391225892547560131211475
025785994397568899987025785994397568899987025785994397568899987025785994397568899987025785994397568899987025785994397568899987025785994397568899 (+)
------------------------------------------------------------------------------------------------------------------------------------------------
866761565733642491238866761565733642491238866761565733642491238866761565733642491238866761565733642491238866761565733642491238866761565733642576 (=)

866761565733642491238866761565733642491238866761565733642491238866761565733642491238866761565733642491238866761565733642491238866761565733642576
025785994397568899987025785994397568899987025785994397568899987025785994397568899987025785994397568899987025785994397568899987025785994397568899 (+)
------------------------------------------------------------------------------------------------------------------------------------------------
840975571336073591251840975571336073591251840975571336073591251840975571336073591251840975571336073591251840975571336073591251840975571336073677 (=)

840975571336073591251840975571336073591251840975571336073591251840975571336073591251840975571336073591251840975571336073591251840975571336073677
025785994397568899987025785994397568899987025785994397568899987025785994397568899987025785994397568899987025785994397568899987025785994397568899 (+)
------------------------------------------------------------------------------------------------------------------------------------------------
815189576938504691264815189576938504691264815189576938504691264815189576938504691264815189576938504691264815189576938504691264815189576938504778 (=)

815189576938504691264815189576938504691264815189576938504691264815189576938504691264815189576938504691264815189576938504691264815189576938504778
025785994397568899987025785994397568899987025785994397568899987025785994397568899987025785994397568899987025785994397568899987025785994397568899 (+)
------------------------------------------------------------------------------------------------------------------------------------------------
789403582540935791277789403582540935791277789403582540935791277789403582540935791277789403582540935791277789403582540935791277789403582540935879 (=)

789403582540935791277789403582540935791277789403582540935791277789403582540935791277789403582540935791277789403582540935791277789403582540935879
025785994397568899987025785994397568899987025785994397568899987025785994397568899987025785994397568899987025785994397568899987025785994397568899 (+)
------------------------------------------------------------------------------------------------------------------------------------------------
763617588143366891290763617588143366891290763617588143366891290763617588143366891290763617588143366891290763617588143366891290763617588143366980 (=)

763617588143366891290763617588143366891290763617588143366891290763617588143366891290763617588143366891290763617588143366891290763617588143366980
025785994397568899987025785994397568899987025785994397568899987025785994397568899987025785994397568899987025785994397568899987025785994397568899 (+)
------------------------------------------------------------------------------------------------------------------------------------------------
737831593745797991303737831593745797991303737831593745797991303737831593745797991303737831593745797991303737831593745797991303737831593745798081 (=)

737831593745797991303737831593745797991303737831593745797991303737831593745797991303737831593745797991303737831593745797991303737831593745798081
025785994397568899987025785994397568899987025785994397568899987025785994397568899987025785994397568899987025785994397568899987025785994397568899 (+)
------------------------------------------------------------------------------------------------------------------------------------------------
712045599348229091316712045599348229091316712045599348229091316712045599348229091316712045599348229091316712045599348229091316712045599348229182 (=)

712045599348229091316712045599348229091316712045599348229091316712045599348229091316712045599348229091316712045599348229091316712045599348229182
025785994397568899987025785994397568899987025785994397568899987025785994397568899987025785994397568899987025785994397568899987025785994397568899 (+)
------------------------------------------------------------------------------------------------------------------------------------------------
686259604950660191329686259604950660191329686259604950660191329686259604950660191329686259604950660191329686259604950660191329686259604950660283 (=)

686259604950660191329686259604950660191329686259604950660191329686259604950660191329686259604950660191329686259604950660191329686259604950660283
025785994397568899987025785994397568899987025785994397568899987025785994397568899987025785994397568899987025785994397568899987025785994397568899 (+)
------------------------------------------------------------------------------------------------------------------------------------------------
660473610553091291342660473610553091291342660473610553091291342660473610553091291342660473610553091291342660473610553091291342660473610553091384 (=)

660473610553091291342660473610553091291342660473610553091291342660473610553091291342660473610553091291342660473610553091291342660473610553091384
025785994397568899987025785994397568899987025785994397568899987025785994397568899987025785994397568899987025785994397568899987025785994397568899 (+)
------------------------------------------------------------------------------------------------------------------------------------------------
634687616155522391355634687616155522391355634687616155522391355634687616155522391355634687616155522391355634687616155522391355634687616155522485 (=)

634687616155522391355634687616155522391355634687616155522391355634687616155522391355634687616155522391355634687616155522391355634687616155522485
025785994397568899987025785994397568899987025785994397568899987025785994397568899987025785994397568899987025785994397568899987025785994397568899 (+)
------------------------------------------------------------------------------------------------------------------------------------------------
608901621757953491368608901621757953491368608901621757953491368608901621757953491368608901621757953491368608901621757953491368608901621757953586 (=)

608901621757953491368608901621757953491368608901621757953491368608901621757953491368608901621757953491368608901621757953491368608901621757953586
025785994397568899987025785994397568899987025785994397568899987025785994397568899987025785994397568899987025785994397568899987025785994397568899 (+)
------------------------------------------------------------------------------------------------------------------------------------------------
583115627360384591381583115627360384591381583115627360384591381583115627360384591381583115627360384591381583115627360384591381583115627360384687 (=)

583115627360384591381583115627360384591381583115627360384591381583115627360384591381583115627360384591381583115627360384591381583115627360384687
025785994397568899987025785994397568899987025785994397568899987025785994397568899987025785994397568899987025785994397568899987025785994397568899 (+)
------------------------------------------------------------------------------------------------------------------------------------------------
557329632962815691394557329632962815691394557329632962815691394557329632962815691394557329632962815691394557329632962815691394557329632962815788 (=)

557329632962815691394557329632962815691394557329632962815691394557329632962815691394557329632962815691394557329632962815691394557329632962815788
025785994397568899987025785994397568899987025785994397568899987025785994397568899987025785994397568899987025785994397568899987025785994397568899 (+)
------------------------------------------------------------------------------------------------------------------------------------------------
531543638565246791407531543638565246791407531543638565246791407531543638565246791407531543638565246791407531543638565246791407531543638565246889 (=)

531543638565246791407531543638565246791407531543638565246791407531543638565246791407531543638565246791407531543638565246791407531543638565246889
025785994397568899987025785994397568899987025785994397568899987025785994397568899987025785994397568899987025785994397568899987025785994397568899 (+)
------------------------------------------------------------------------------------------------------------------------------------------------
505757644167677891420505757644167677891420505757644167677891420505757644167677891420505757644167677891420505757644167677891420505757644167677990 (=)

505757644167677891420505757644167677891420505757644167677891420505757644167677891420505757644167677891420505757644167677891420505757644167677990
025785994397568899987025785994397568899987025785994397568899987025785994397568899987025785994397568899987025785994397568899987025785994397568899 (+)
------------------------------------------------------------------------------------------------------------------------------------------------
479971649770108991433479971649770108991433479971649770108991433479971649770108991433479971649770108991433479971649770108991433479971649770109091 (=)

