
CL_DEVICE_NAME: Intel(R) HD Graphics
CL_DRIVER_VERSION: 20.19.15.4549

084357083924567890123084357083924567890123084357083924567890123084357083924567890123084357083924567890123084357083924567890123084357083924567890
025785994397568899987025785994397568899987025785994397568899987025785994397568899987025785994397568899987025785994397568899987025785994397568899 (+)
------------------------------------------------------------------------------------------------------------------------------------------------
110143078322136790110110143078322136790110110143078322136790110110143078322136790110110143078322136790110110143078322136790110110143078322136789 (=)

110143078322136790110110143078322136790110110143078322136790110110143078322136790110110143078322136790110110143078322136790110110143078322136789
025785994397568899987025785994397568899987025785994397568899987025785994397568899987025785994397568899987025785994397568899987025785994397568899 (+)
------------------------------------------------------------------------------------------------------------------------------------------------
135929072719705690097135929072719705690097135929072719705690097135929072719705690097135929072719705690097135929072719705690097135929072719705688 (=)

135929072719705690097135929072719705690097135929072719705690097135929072719705690097135929072719705690097135929072719705690097135929072719705688
025785994397568899987025785994397568899987025785994397568899987025785994397568899987025785994397568899987025785994397568899987025785994397568899 (+)
------------------------------------------------------------------------------------------------------------------------------------------------
161715067117274590084161715067117274590084161715067117274590084161715067117274590084161715067117274590084161715067117274590084161715067117274587 (=)

161715067117274590084161715067117274590084161715067117274590084161715067117274590084161715067117274590084161715067117274590084161715067117274587
025785994397568899987025785994397568899987025785994397568899987025785994397568899987025785994397568899987025785994397568899987025785994397568899 (+)
------------------------------------------------------------------------------------------------------------------------------------------------
187501061514843490071187501061514843490071187501061514843490071187501061514843490071187501061514843490071187501061514843490071187501061514843486 (=)

187501061514843490071187501061514843490071187501061514843490071187501061514843490071187501061514843490071187501061514843490071187501061514843486
025785994397568899987025785994397568899987025785994397568899987025785994397568899987025785994397568899987025785994397568899987025785994397568899 (+)
------------------------------------------------------------------------------------------------------------------------------------------------
213287055912412390058213287055912412390058213287055912412390058213287055912412390058213287055912412390058213287055912412390058213287055912412385 (=)

213287055912412390058213287055912412390058213287055912412390058213287055912412390058213287055912412390058213287055912412390058213287055912412385
025785994397568899987025785994397568899987025785994397568899987025785994397568899987025785994397568899987025785994397568899987025785994397568899 (+)
------------------------------------------------------------------------------------------------------------------------------------------------
239073050309981290045239073050309981290045239073050309981290045239073050309981290045239073050309981290045239073050309981290045239073050309981284 (=)

239073050309981290045239073050309981290045239073050309981290045239073050309981290045239073050309981290045239073050309981290045239073050309981284
025785994397568899987025785994397568899987025785994397568899987025785994397568899987025785994397568899987025785994397568899987025785994397568899 (+)
------------------------------------------------------------------------------------------------------------------------------------------------
264859044707550190032264859044707550190032264859044707550190032264859044707550190032264859044707550190032264859044707550190032264859044707550183 (=)

264859044707550190032264859044707550190032264859044707550190032264859044707550190032264859044707550190032264859044707550190032264859044707550183
025785994397568899987025785994397568899987025785994397568899987025785994397568899987025785994397568899987025785994397568899987025785994397568899 (+)
------------------------------------------------------------------------------------------------------------------------------------------------
290645039105119090019290645039105119090019290645039105119090019290645039105119090019290645039105119090019290645039105119090019290645039105119082 (=)

290645039105119090019290645039105119090019290645039105119090019290645039105119090019290645039105119090019290645039105119090019290645039105119082
025785994397568899987025785994397568899987025785994397568899987025785994397568899987025785994397568899987025785994397568899987025785994397568899 (+)
------------------------------------------------------------------------------------------------------------------------------------------------
316431033502687990006316431033502687990006316431033502687990006316431033502687990006316431033502687990006316431033502687990006316431033502687981 (=)

316431033502687990006316431033502687990006316431033502687990006316431033502687990006316431033502687990006316431033502687990006316431033502687981
025785994397568899987025785994397568899987025785994397568899987025785994397568899987025785994397568899987025785994397568899987025785994397568899 (+)
------------------------------------------------------------------------------------------------------------------------------------------------
342217027900256889993342217027900256889993342217027900256889993342217027900256889993342217027900256889993342217027900256889993342217027900256880 (=)

342217027900256889993342217027900256889993342217027900256889993342217027900256889993342217027900256889993342217027900256889993342217027900256880
025785994397568899987025785994397568899987025785994397568899987025785994397568899987025785994397568899987025785994397568899987025785994397568899 (+)
------------------------------------------------------------------------------------------------------------------------------------------------
368003022297825789980368003022297825789980368003022297825789980368003022297825789980368003022297825789980368003022297825789980368003022297825779 (=)

